stdio    D         file_stdio.c:105  file_stdio_fopen                 [   0.00000] opening C:\Users\Akshay\Source\Repos\DarthInvaders4\Debug\allegro5.cfg r
system   D            wsystem.c:721  maybe_parent_dir                 [   0.00000] Also searching C:\Users\Akshay\Source\Repos\DarthInvaders4\
system   W            wsystem.c:775  _al_win_safe_load_library        [   0.00000] PathFindOnPath failed to find shcore.dll
system   D            wsystem.c:721  maybe_parent_dir                 [   0.00000] Also searching C:\Users\Akshay\Source\Repos\DarthInvaders4\
system   D            wsystem.c:771  _al_win_safe_load_library        [   0.00000] PathFindOnPath found: C:\Windows\system32\user32.dll
system   D            wsystem.c:682  load_library_at_path             [   0.00000] Calling LoadLibrary C:\Windows\system32\user32.dll
system   I            wsystem.c:685  load_library_at_path             [   0.00000] Loaded C:\Windows\system32\user32.dll
system   I             system.c:252  al_install_system                [   0.00000] Allegro version: 5.2.0
system   D            wsystem.c:721  maybe_parent_dir                 [   0.00018] Also searching C:\Users\Akshay\Source\Repos\DarthInvaders4\
system   D            wsystem.c:771  _al_win_safe_load_library        [   0.00031] PathFindOnPath found: C:\Windows\system32\d3d9.dll
system   D            wsystem.c:682  load_library_at_path             [   0.00033] Calling LoadLibrary C:\Windows\system32\d3d9.dll
system   I            wsystem.c:685  load_library_at_path             [   0.00393] Loaded C:\Windows\system32\d3d9.dll
d3d      I         d3d_disp.cpp:674  d3d_init_display                 [   0.10054] Render-to-texture: 1
d3d      I         d3d_disp.cpp:1769 d3d_create_display_locked        [   0.10120] faux_fullscreen=0
d3d      D         d3d_disp.cpp:1770 d3d_create_display_locked        [   0.10124] al_display=00789FC8
d3d      D         d3d_disp.cpp:1771 d3d_create_display_locked        [   0.10126] al_display->vt=007896F8
d3d      I d3d_display_formats.cpp:144  _al_d3d_generate_display_format_list [   0.10157] found 64 format combinations
display  D   display_settings.c:212  debug_display_settings           [   0.10161] color: 32 (rgba 8880), depth: 0, stencil: 0, acc: 0000, samples: 0/0
display  D   display_settings.c:527  _al_score_display_settings       [   0.10164] Score is : 897
display  D   display_settings.c:212  debug_display_settings           [   0.10167] color: 32 (rgba 8880), depth: 0, stencil: 0, acc: 0000, samples: 0/0
display  D   display_settings.c:527  _al_score_display_settings       [   0.10170] Score is : 897
display  D   display_settings.c:212  debug_display_settings           [   0.10172] color: 32 (rgba 8880), depth: 24, stencil: 8, acc: 0000, samples: 0/0
display  D   display_settings.c:527  _al_score_display_settings       [   0.10176] Score is : 897
display  D   display_settings.c:212  debug_display_settings           [   0.10312] color: 32 (rgba 8880), depth: 24, stencil: 8, acc: 0000, samples: 0/0
display  D   display_settings.c:527  _al_score_display_settings       [   0.11199] Score is : 897
display  D   display_settings.c:212  debug_display_settings           [   0.11201] color: 32 (rgba 8880), depth: 24, stencil: 0, acc: 0000, samples: 0/0
display  D   display_settings.c:527  _al_score_display_settings       [   0.11203] Score is : 897
display  D   display_settings.c:212  debug_display_settings           [   0.11205] color: 32 (rgba 8880), depth: 24, stencil: 0, acc: 0000, samples: 0/0
display  D   display_settings.c:527  _al_score_display_settings       [   0.11207] Score is : 897
display  D   display_settings.c:212  debug_display_settings           [   0.11208] color: 32 (rgba 8880), depth: 16, stencil: 0, acc: 0000, samples: 0/0
display  D   display_settings.c:527  _al_score_display_settings       [   0.11210] Score is : 897
display  D   display_settings.c:212  debug_display_settings           [   0.11211] color: 32 (rgba 8880), depth: 16, stencil: 0, acc: 0000, samples: 0/0
display  D   display_settings.c:527  _al_score_display_settings       [   0.11213] Score is : 897
display  D   display_settings.c:212  debug_display_settings           [   0.11219] color: 16 (rgba 5650), depth: 0, stencil: 0, acc: 0000, samples: 0/0
display  D   display_settings.c:527  _al_score_display_settings       [   0.11221] Score is : 897
display  D   display_settings.c:212  debug_display_settings           [   0.11223] color: 16 (rgba 5650), depth: 0, stencil: 0, acc: 0000, samples: 0/0
display  D   display_settings.c:527  _al_score_display_settings       [   0.11225] Score is : 897
display  D   display_settings.c:212  debug_display_settings           [   0.11226] color: 16 (rgba 5650), depth: 24, stencil: 8, acc: 0000, samples: 0/0
display  D   display_settings.c:527  _al_score_display_settings       [   0.11228] Score is : 897
display  D   display_settings.c:212  debug_display_settings           [   0.11229] color: 16 (rgba 5650), depth: 24, stencil: 8, acc: 0000, samples: 0/0
display  D   display_settings.c:527  _al_score_display_settings       [   0.11231] Score is : 897
display  D   display_settings.c:212  debug_display_settings           [   0.11232] color: 16 (rgba 5650), depth: 24, stencil: 0, acc: 0000, samples: 0/0
display  D   display_settings.c:527  _al_score_display_settings       [   0.11234] Score is : 897
display  D   display_settings.c:212  debug_display_settings           [   0.11236] color: 16 (rgba 5650), depth: 24, stencil: 0, acc: 0000, samples: 0/0
display  D   display_settings.c:527  _al_score_display_settings       [   0.11238] Score is : 897
display  D   display_settings.c:212  debug_display_settings           [   0.11239] color: 16 (rgba 5650), depth: 16, stencil: 0, acc: 0000, samples: 0/0
display  D   display_settings.c:527  _al_score_display_settings       [   0.11241] Score is : 897
display  D   display_settings.c:212  debug_display_settings           [   0.11242] color: 16 (rgba 5650), depth: 16, stencil: 0, acc: 0000, samples: 0/0
display  D   display_settings.c:527  _al_score_display_settings       [   0.11244] Score is : 897
display  D   display_settings.c:212  debug_display_settings           [   0.11245] color: 32 (rgba 8880), depth: 0, stencil: 0, acc: 0000, samples: 0/0
display  D   display_settings.c:398  _al_score_display_settings       [   0.11247] Single Buffer requirement not met.
display  D   display_settings.c:212  debug_display_settings           [   0.11249] color: 32 (rgba 8880), depth: 0, stencil: 0, acc: 0000, samples: 0/0
display  D   display_settings.c:398  _al_score_display_settings       [   0.11251] Single Buffer requirement not met.
display  D   display_settings.c:212  debug_display_settings           [   0.11252] color: 32 (rgba 8880), depth: 24, stencil: 8, acc: 0000, samples: 0/0
display  D   display_settings.c:398  _al_score_display_settings       [   0.11254] Single Buffer requirement not met.
display  D   display_settings.c:212  debug_display_settings           [   0.11255] color: 32 (rgba 8880), depth: 24, stencil: 8, acc: 0000, samples: 0/0
display  D   display_settings.c:398  _al_score_display_settings       [   0.11257] Single Buffer requirement not met.
display  D   display_settings.c:212  debug_display_settings           [   0.11259] color: 32 (rgba 8880), depth: 24, stencil: 0, acc: 0000, samples: 0/0
display  D   display_settings.c:398  _al_score_display_settings       [   0.11261] Single Buffer requirement not met.
display  D   display_settings.c:212  debug_display_settings           [   0.11262] color: 32 (rgba 8880), depth: 24, stencil: 0, acc: 0000, samples: 0/0
display  D   display_settings.c:398  _al_score_display_settings       [   0.11264] Single Buffer requirement not met.
display  D   display_settings.c:212  debug_display_settings           [   0.11266] color: 32 (rgba 8880), depth: 16, stencil: 0, acc: 0000, samples: 0/0
display  D   display_settings.c:398  _al_score_display_settings       [   0.11267] Single Buffer requirement not met.
display  D   display_settings.c:212  debug_display_settings           [   0.11269] color: 32 (rgba 8880), depth: 16, stencil: 0, acc: 0000, samples: 0/0
display  D   display_settings.c:398  _al_score_display_settings       [   0.11271] Single Buffer requirement not met.
display  D   display_settings.c:212  debug_display_settings           [   0.11273] color: 16 (rgba 5650), depth: 0, stencil: 0, acc: 0000, samples: 0/0
display  D   display_settings.c:398  _al_score_display_settings       [   0.11275] Single Buffer requirement not met.
display  D   display_settings.c:212  debug_display_settings           [   0.11276] color: 16 (rgba 5650), depth: 0, stencil: 0, acc: 0000, samples: 0/0
display  D   display_settings.c:398  _al_score_display_settings       [   0.11278] Single Buffer requirement not met.
display  D   display_settings.c:212  debug_display_settings           [   0.11280] color: 16 (rgba 5650), depth: 24, stencil: 8, acc: 0000, samples: 0/0
display  D   display_settings.c:398  _al_score_display_settings       [   0.11282] Single Buffer requirement not met.
display  D   display_settings.c:212  debug_display_settings           [   0.11283] color: 16 (rgba 5650), depth: 24, stencil: 8, acc: 0000, samples: 0/0
display  D   display_settings.c:398  _al_score_display_settings       [   0.11285] Single Buffer requirement not met.
display  D   display_settings.c:212  debug_display_settings           [   0.11286] color: 16 (rgba 5650), depth: 24, stencil: 0, acc: 0000, samples: 0/0
display  D   display_settings.c:398  _al_score_display_settings       [   0.11288] Single Buffer requirement not met.
display  D   display_settings.c:212  debug_display_settings           [   0.11290] color: 16 (rgba 5650), depth: 24, stencil: 0, acc: 0000, samples: 0/0
display  D   display_settings.c:398  _al_score_display_settings       [   0.11292] Single Buffer requirement not met.
display  D   display_settings.c:212  debug_display_settings           [   0.11293] color: 16 (rgba 5650), depth: 16, stencil: 0, acc: 0000, samples: 0/0
display  D   display_settings.c:398  _al_score_display_settings       [   0.11295] Single Buffer requirement not met.
display  D   display_settings.c:212  debug_display_settings           [   0.11297] color: 16 (rgba 5650), depth: 16, stencil: 0, acc: 0000, samples: 0/0
display  D   display_settings.c:398  _al_score_display_settings       [   0.11299] Single Buffer requirement not met.
display  D   display_settings.c:212  debug_display_settings           [   0.11300] color: 32 (rgba 8880), depth: 0, stencil: 0, acc: 0000, samples: 0/0
display  D   display_settings.c:527  _al_score_display_settings       [   0.11302] Score is : 769
display  D   display_settings.c:212  debug_display_settings           [   0.11303] color: 32 (rgba 8880), depth: 0, stencil: 0, acc: 0000, samples: 0/0
display  D   display_settings.c:527  _al_score_display_settings       [   0.11305] Score is : 769
display  D   display_settings.c:212  debug_display_settings           [   0.11306] color: 32 (rgba 8880), depth: 24, stencil: 8, acc: 0000, samples: 0/0
display  D   display_settings.c:527  _al_score_display_settings       [   0.11308] Score is : 769
display  D   display_settings.c:212  debug_display_settings           [   0.11310] color: 32 (rgba 8880), depth: 24, stencil: 8, acc: 0000, samples: 0/0
display  D   display_settings.c:527  _al_score_display_settings       [   0.11312] Score is : 769
display  D   display_settings.c:212  debug_display_settings           [   0.11313] color: 32 (rgba 8880), depth: 24, stencil: 0, acc: 0000, samples: 0/0
display  D   display_settings.c:527  _al_score_display_settings       [   0.11315] Score is : 769
display  D   display_settings.c:212  debug_display_settings           [   0.11316] color: 32 (rgba 8880), depth: 24, stencil: 0, acc: 0000, samples: 0/0
display  D   display_settings.c:527  _al_score_display_settings       [   0.11318] Score is : 769
display  D   display_settings.c:212  debug_display_settings           [   0.11320] color: 32 (rgba 8880), depth: 16, stencil: 0, acc: 0000, samples: 0/0
display  D   display_settings.c:527  _al_score_display_settings       [   0.11322] Score is : 769
display  D   display_settings.c:212  debug_display_settings           [   0.11323] color: 32 (rgba 8880), depth: 16, stencil: 0, acc: 0000, samples: 0/0
display  D   display_settings.c:527  _al_score_display_settings       [   0.11325] Score is : 769
display  D   display_settings.c:212  debug_display_settings           [   0.11326] color: 16 (rgba 5650), depth: 0, stencil: 0, acc: 0000, samples: 0/0
display  D   display_settings.c:527  _al_score_display_settings       [   0.11328] Score is : 769
display  D   display_settings.c:212  debug_display_settings           [   0.11330] color: 16 (rgba 5650), depth: 0, stencil: 0, acc: 0000, samples: 0/0
display  D   display_settings.c:527  _al_score_display_settings       [   0.11332] Score is : 769
display  D   display_settings.c:212  debug_display_settings           [   0.11333] color: 16 (rgba 5650), depth: 24, stencil: 8, acc: 0000, samples: 0/0
display  D   display_settings.c:527  _al_score_display_settings       [   0.11335] Score is : 769
display  D   display_settings.c:212  debug_display_settings           [   0.11336] color: 16 (rgba 5650), depth: 24, stencil: 8, acc: 0000, samples: 0/0
display  D   display_settings.c:527  _al_score_display_settings       [   0.11338] Score is : 769
display  D   display_settings.c:212  debug_display_settings           [   0.11339] color: 16 (rgba 5650), depth: 24, stencil: 0, acc: 0000, samples: 0/0
display  D   display_settings.c:527  _al_score_display_settings       [   0.11341] Score is : 769
display  D   display_settings.c:212  debug_display_settings           [   0.11343] color: 16 (rgba 5650), depth: 24, stencil: 0, acc: 0000, samples: 0/0
display  D   display_settings.c:527  _al_score_display_settings       [   0.11345] Score is : 769
display  D   display_settings.c:212  debug_display_settings           [   0.11346] color: 16 (rgba 5650), depth: 16, stencil: 0, acc: 0000, samples: 0/0
display  D   display_settings.c:527  _al_score_display_settings       [   0.11348] Score is : 769
display  D   display_settings.c:212  debug_display_settings           [   0.11349] color: 16 (rgba 5650), depth: 16, stencil: 0, acc: 0000, samples: 0/0
display  D   display_settings.c:527  _al_score_display_settings       [   0.11351] Score is : 769
display  D   display_settings.c:212  debug_display_settings           [   0.11353] color: 32 (rgba 8880), depth: 0, stencil: 0, acc: 0000, samples: 0/0
display  D   display_settings.c:398  _al_score_display_settings       [   0.11355] Single Buffer requirement not met.
display  D   display_settings.c:212  debug_display_settings           [   0.11356] color: 32 (rgba 8880), depth: 0, stencil: 0, acc: 0000, samples: 0/0
display  D   display_settings.c:398  _al_score_display_settings       [   0.11358] Single Buffer requirement not met.
display  D   display_settings.c:212  debug_display_settings           [   0.11359] color: 32 (rgba 8880), depth: 24, stencil: 8, acc: 0000, samples: 0/0
display  D   display_settings.c:398  _al_score_display_settings       [   0.11361] Single Buffer requirement not met.
display  D   display_settings.c:212  debug_display_settings           [   0.11363] color: 32 (rgba 8880), depth: 24, stencil: 8, acc: 0000, samples: 0/0
display  D   display_settings.c:398  _al_score_display_settings       [   0.11365] Single Buffer requirement not met.
display  D   display_settings.c:212  debug_display_settings           [   0.11366] color: 32 (rgba 8880), depth: 24, stencil: 0, acc: 0000, samples: 0/0
display  D   display_settings.c:398  _al_score_display_settings       [   0.11368] Single Buffer requirement not met.
display  D   display_settings.c:212  debug_display_settings           [   0.11370] color: 32 (rgba 8880), depth: 24, stencil: 0, acc: 0000, samples: 0/0
display  D   display_settings.c:398  _al_score_display_settings       [   0.11372] Single Buffer requirement not met.
display  D   display_settings.c:212  debug_display_settings           [   0.11373] color: 32 (rgba 8880), depth: 16, stencil: 0, acc: 0000, samples: 0/0
display  D   display_settings.c:398  _al_score_display_settings       [   0.11375] Single Buffer requirement not met.
display  D   display_settings.c:212  debug_display_settings           [   0.11378] color: 32 (rgba 8880), depth: 16, stencil: 0, acc: 0000, samples: 0/0
display  D   display_settings.c:398  _al_score_display_settings       [   0.11380] Single Buffer requirement not met.
display  D   display_settings.c:212  debug_display_settings           [   0.11382] color: 16 (rgba 5650), depth: 0, stencil: 0, acc: 0000, samples: 0/0
display  D   display_settings.c:398  _al_score_display_settings       [   0.11384] Single Buffer requirement not met.
display  D   display_settings.c:212  debug_display_settings           [   0.11385] color: 16 (rgba 5650), depth: 0, stencil: 0, acc: 0000, samples: 0/0
display  D   display_settings.c:398  _al_score_display_settings       [   0.11387] Single Buffer requirement not met.
display  D   display_settings.c:212  debug_display_settings           [   0.11389] color: 16 (rgba 5650), depth: 24, stencil: 8, acc: 0000, samples: 0/0
display  D   display_settings.c:398  _al_score_display_settings       [   0.11390] Single Buffer requirement not met.
display  D   display_settings.c:212  debug_display_settings           [   0.11392] color: 16 (rgba 5650), depth: 24, stencil: 8, acc: 0000, samples: 0/0
display  D   display_settings.c:398  _al_score_display_settings       [   0.11394] Single Buffer requirement not met.
display  D   display_settings.c:212  debug_display_settings           [   0.11395] color: 16 (rgba 5650), depth: 24, stencil: 0, acc: 0000, samples: 0/0
display  D   display_settings.c:398  _al_score_display_settings       [   0.11397] Single Buffer requirement not met.
display  D   display_settings.c:212  debug_display_settings           [   0.11399] color: 16 (rgba 5650), depth: 24, stencil: 0, acc: 0000, samples: 0/0
display  D   display_settings.c:398  _al_score_display_settings       [   0.11401] Single Buffer requirement not met.
display  D   display_settings.c:212  debug_display_settings           [   0.11402] color: 16 (rgba 5650), depth: 16, stencil: 0, acc: 0000, samples: 0/0
display  D   display_settings.c:398  _al_score_display_settings       [   0.11404] Single Buffer requirement not met.
display  D   display_settings.c:212  debug_display_settings           [   0.11405] color: 16 (rgba 5650), depth: 16, stencil: 0, acc: 0000, samples: 0/0
display  D   display_settings.c:398  _al_score_display_settings       [   0.11407] Single Buffer requirement not met.
d3d      D         d3d_disp.cpp:1669 d3d_create_display_internals     [   0.11410] Trying format 0.
d3d      I         d3d_disp.cpp:1344 d3d_display_thread_proc          [   0.13053] Chose a display format: 23
d3d      I         d3d_disp.cpp:1413 d3d_display_thread_proc          [   0.13059] Normal window.
d3d      I         d3d_disp.cpp:781  d3d_create_device                [   0.15188] Using no depth stencil buffer
d3d      D         d3d_disp.cpp:839  d3d_create_device                [   0.16750] BeginScene succeeded in create_device
d3d      D         d3d_disp.cpp:847  d3d_create_device                [   0.16756] Success
d3d      D         d3d_disp.cpp:1692 d3d_create_display_internals     [   0.16759] Resumed after wait.
d3d      I         d3d_disp.cpp:1725 d3d_create_display_internals     [   0.16764] Format 0 succeeded.
d3d      D         d3d_disp.cpp:1756 d3d_create_display_internals     [   0.16768] Returning d3d_display: 00789FC8
d3d      D         d3d_disp.cpp:1781 d3d_create_display_locked        [   0.16771] al_display=00789FC8
d3d      D         d3d_disp.cpp:1782 d3d_create_display_locked        [   0.16773] al_display->vt=007896F8
system   D            wsystem.c:721  maybe_parent_dir                 [   0.16788] Also searching C:\Users\Akshay\Source\Repos\DarthInvaders4\
system   D            wsystem.c:771  _al_win_safe_load_library        [   0.16806] PathFindOnPath found: C:\Windows\system32\d3dx9_43.dll
system   D            wsystem.c:682  load_library_at_path             [   0.16809] Calling LoadLibrary C:\Windows\system32\d3dx9_43.dll
system   I            wsystem.c:685  load_library_at_path             [   0.17267] Loaded C:\Windows\system32\d3dx9_43.dll
d3dx9    I        d3d_d3dx9.cpp:88   _imp_load_d3dx9_module_version   [   0.17277] Module "d3dx9_43.dll" loaded.
audio-dsound I           dsound.cpp:249  _dsound_open                     [   0.17393] Starting DirectSound...
audio-dsound D           dsound.cpp:258  _dsound_open                     [   0.19429] DirectSoundCreate8 succeeded
audio    I              audio.c:347  do_install_audio                 [   0.19542] Using DirectSound driver
audio-dsound D           dsound.cpp:290  _dsound_allocate_voice           [   0.19551] Allocating voice
audio-dsound D           dsound.cpp:349  _dsound_allocate_voice           [   0.19555] Allocated voice
dtor     D               dtor.c:187  _al_register_destructor          [   0.19558] added dtor for voice 00782868, func 0FA6117C
dtor     D               dtor.c:187  _al_register_destructor          [   0.19562] added dtor for mixer 007E4860, func 0FA611F9
audio-dsound D           dsound.cpp:446  _dsound_start_voice              [   0.19565] Starting voice
audio-dsound D           dsound.cpp:474  _dsound_start_voice              [   0.19568] CreateSoundBuffer
audio-dsound D           dsound.cpp:483  _dsound_start_voice              [   0.19649] CreateSoundBuffer succeeded
audio-dsound D           dsound.cpp:489  _dsound_start_voice              [   0.19655] Starting _dsound_update thread
audio-dsound I           dsound.cpp:499  _dsound_start_voice              [   0.19664] Voice started
dtor     D               dtor.c:187  _al_register_destructor          [   0.19668] added dtor for sample_instance 007F2908, func 0FA614BA
audio    D          kcm_mixer.c:121  _al_rechannel_matrix             [   0.19672] sample matrix:
audio    D          kcm_mixer.c:127  _al_rechannel_matrix             [   0.19675] 
audio    D          kcm_mixer.c:127  _al_rechannel_matrix             [   0.19677] 
dtor     D               dtor.c:187  _al_register_destructor          [   0.19680] added dtor for sample_instance 007FA218, func 0FA614BA
audio    D          kcm_mixer.c:121  _al_rechannel_matrix             [   0.19683] sample matrix:
audio    D          kcm_mixer.c:127  _al_rechannel_matrix             [   0.19685] 
audio    D          kcm_mixer.c:127  _al_rechannel_matrix             [   0.19687] 
dtor     D               dtor.c:187  _al_register_destructor          [   0.19690] added dtor for sample_instance 007FA320, func 0FA614BA
audio    D          kcm_mixer.c:121  _al_rechannel_matrix             [   0.19692] sample matrix:
audio    D          kcm_mixer.c:127  _al_rechannel_matrix             [   0.19695] 
audio    D          kcm_mixer.c:127  _al_rechannel_matrix             [   0.19697] 
dtor     D               dtor.c:187  _al_register_destructor          [   0.19699] added dtor for sample_instance 007FA4B8, func 0FA614BA
audio    D          kcm_mixer.c:121  _al_rechannel_matrix             [   0.19702] sample matrix:
audio    D          kcm_mixer.c:127  _al_rechannel_matrix             [   0.19704] 
audio    D          kcm_mixer.c:127  _al_rechannel_matrix             [   0.19706] 
acodec   I                ogg.c:204  _al_load_ogg_vorbis              [   0.19709] Loading sample XWing-Laser.ogg.
stdio    D         file_stdio.c:105  file_stdio_fopen                 [   0.19712] opening XWing-Laser.ogg rb
acodec   D                ogg.c:263  _al_load_ogg_vorbis_f            [   0.19754] channels 1
acodec   D                ogg.c:264  _al_load_ogg_vorbis_f            [   0.19757] word_size 2
acodec   D                ogg.c:265  _al_load_ogg_vorbis_f            [   0.19760] rate 22050
acodec   D                ogg.c:266  _al_load_ogg_vorbis_f            [   0.19762] total_samples 9153
acodec   D                ogg.c:267  _al_load_ogg_vorbis_f            [   0.19765] total_size 18306
dtor     D               dtor.c:187  _al_register_destructor          [   0.19973] added dtor for sample 007C8CE0, func 0FA613ED
acodec   I                ogg.c:204  _al_load_ogg_vorbis              [   0.19982] Loading sample Blast.ogg.
stdio    D         file_stdio.c:105  file_stdio_fopen                 [   0.19985] opening Blast.ogg rb
acodec   D                ogg.c:263  _al_load_ogg_vorbis_f            [   0.20085] channels 1
acodec   D                ogg.c:264  _al_load_ogg_vorbis_f            [   0.20089] word_size 2
acodec   D                ogg.c:265  _al_load_ogg_vorbis_f            [   0.20091] rate 24000
acodec   D                ogg.c:266  _al_load_ogg_vorbis_f            [   0.20094] total_samples 52884
acodec   D                ogg.c:267  _al_load_ogg_vorbis_f            [   0.20097] total_size 105768
dtor     D               dtor.c:187  _al_register_destructor          [   0.20513] added dtor for sample 007C8D28, func 0FA613ED
acodec   I                ogg.c:204  _al_load_ogg_vorbis              [   0.20521] Loading sample xwing.ogg.
stdio    D         file_stdio.c:105  file_stdio_fopen                 [   0.20524] opening xwing.ogg rb
acodec   D                ogg.c:263  _al_load_ogg_vorbis_f            [   0.20567] channels 1
acodec   D                ogg.c:264  _al_load_ogg_vorbis_f            [   0.20570] word_size 2
acodec   D                ogg.c:265  _al_load_ogg_vorbis_f            [   0.20572] rate 11025
acodec   D                ogg.c:266  _al_load_ogg_vorbis_f            [   0.20574] total_samples 37250
acodec   D                ogg.c:267  _al_load_ogg_vorbis_f            [   0.20576] total_size 74500
dtor     D               dtor.c:187  _al_register_destructor          [   0.20865] added dtor for sample 007C8D70, func 0FA613ED
acodec   I                ogg.c:204  _al_load_ogg_vorbis              [   0.20873] Loading sample Star_Wars.ogg.
stdio    D         file_stdio.c:105  file_stdio_fopen                 [   0.20877] opening Star_Wars.ogg rb
acodec   D                ogg.c:263  _al_load_ogg_vorbis_f            [   0.20941] channels 1
acodec   D                ogg.c:264  _al_load_ogg_vorbis_f            [   0.20944] word_size 2
acodec   D                ogg.c:265  _al_load_ogg_vorbis_f            [   0.20945] rate 22050
acodec   D                ogg.c:266  _al_load_ogg_vorbis_f            [   0.20947] total_samples 7172901
acodec   D                ogg.c:267  _al_load_ogg_vorbis_f            [   0.20948] total_size 14345802
dtor     D               dtor.c:187  _al_register_destructor          [   0.49463] added dtor for sample 007C8E00, func 0FA613ED
stdio    D         file_stdio.c:105  file_stdio_fopen                 [   0.49468] opening Lazer.png rb
d3d      D         d3d_disp.cpp:1188 real_choose_bitmap_format        [   0.49480] Fake format
d3d      D         d3d_disp.cpp:1188 real_choose_bitmap_format        [   0.49485] Fake format
d3d      D         d3d_disp.cpp:1188 real_choose_bitmap_format        [   0.49487] Fake format
d3d      D         d3d_disp.cpp:1188 real_choose_bitmap_format        [   0.49488] Fake format
d3d      D         d3d_disp.cpp:1188 real_choose_bitmap_format        [   0.49489] Fake format
d3d      D         d3d_disp.cpp:1188 real_choose_bitmap_format        [   0.49490] Fake format
d3d      D         d3d_disp.cpp:1188 real_choose_bitmap_format        [   0.49492] Fake format
d3d      D         d3d_disp.cpp:1188 real_choose_bitmap_format        [   0.49493] Fake format
d3d      D         d3d_disp.cpp:1188 real_choose_bitmap_format        [   0.49494] Fake format
d3d      D         d3d_disp.cpp:1196 real_choose_bitmap_format        [   0.49495] Alpha doesn't match
d3d      D         d3d_disp.cpp:1203 real_choose_bitmap_format        [   0.49497] Adapter format is 23
d3d      D         d3d_disp.cpp:1206 real_choose_bitmap_format        [   0.49498] Found a format
d3d      I         d3d_disp.cpp:2380 d3d_create_bitmap                [   0.49499] Chose bitmap format 9
dtor     D               dtor.c:187  _al_register_destructor          [   0.49509] added dtor for bitmap 008161F8, func 0F242202
stdio    D         file_stdio.c:105  file_stdio_fopen                 [   0.49541] opening player1.png rb
d3d      D         d3d_disp.cpp:1188 real_choose_bitmap_format        [   0.49548] Fake format
d3d      D         d3d_disp.cpp:1188 real_choose_bitmap_format        [   0.49550] Fake format
d3d      D         d3d_disp.cpp:1188 real_choose_bitmap_format        [   0.49551] Fake format
d3d      D         d3d_disp.cpp:1188 real_choose_bitmap_format        [   0.49553] Fake format
d3d      D         d3d_disp.cpp:1188 real_choose_bitmap_format        [   0.49554] Fake format
d3d      D         d3d_disp.cpp:1188 real_choose_bitmap_format        [   0.49555] Fake format
d3d      D         d3d_disp.cpp:1188 real_choose_bitmap_format        [   0.49557] Fake format
d3d      D         d3d_disp.cpp:1188 real_choose_bitmap_format        [   0.49558] Fake format
d3d      D         d3d_disp.cpp:1188 real_choose_bitmap_format        [   0.49560] Fake format
d3d      D         d3d_disp.cpp:1196 real_choose_bitmap_format        [   0.49561] Alpha doesn't match
d3d      D         d3d_disp.cpp:1203 real_choose_bitmap_format        [   0.49563] Adapter format is 23
d3d      D         d3d_disp.cpp:1206 real_choose_bitmap_format        [   0.49564] Found a format
d3d      I         d3d_disp.cpp:2380 d3d_create_bitmap                [   0.49566] Chose bitmap format 9
dtor     D               dtor.c:187  _al_register_destructor          [   0.49577] added dtor for bitmap 008293A8, func 0F242202
stdio    D         file_stdio.c:105  file_stdio_fopen                 [   0.49618] opening enemy.png rb
d3d      D         d3d_disp.cpp:1188 real_choose_bitmap_format        [   0.49625] Fake format
d3d      D         d3d_disp.cpp:1188 real_choose_bitmap_format        [   0.49627] Fake format
d3d      D         d3d_disp.cpp:1188 real_choose_bitmap_format        [   0.49629] Fake format
d3d      D         d3d_disp.cpp:1188 real_choose_bitmap_format        [   0.49630] Fake format
d3d      D         d3d_disp.cpp:1188 real_choose_bitmap_format        [   0.49631] Fake format
d3d      D         d3d_disp.cpp:1188 real_choose_bitmap_format        [   0.49633] Fake format
d3d      D         d3d_disp.cpp:1188 real_choose_bitmap_format        [   0.49634] Fake format
d3d      D         d3d_disp.cpp:1188 real_choose_bitmap_format        [   0.49636] Fake format
d3d      D         d3d_disp.cpp:1188 real_choose_bitmap_format        [   0.49637] Fake format
d3d      D         d3d_disp.cpp:1196 real_choose_bitmap_format        [   0.49639] Alpha doesn't match
d3d      D         d3d_disp.cpp:1203 real_choose_bitmap_format        [   0.49640] Adapter format is 23
d3d      D         d3d_disp.cpp:1206 real_choose_bitmap_format        [   0.49642] Found a format
d3d      I         d3d_disp.cpp:2380 d3d_create_bitmap                [   0.49643] Chose bitmap format 9
dtor     D               dtor.c:187  _al_register_destructor          [   0.49655] added dtor for bitmap 008290D8, func 0F242202
stdio    D         file_stdio.c:105  file_stdio_fopen                 [   0.49681] opening Goodpic.png rb
d3d      D         d3d_disp.cpp:1188 real_choose_bitmap_format        [   0.49688] Fake format
d3d      D         d3d_disp.cpp:1188 real_choose_bitmap_format        [   0.49690] Fake format
d3d      D         d3d_disp.cpp:1188 real_choose_bitmap_format        [   0.49691] Fake format
d3d      D         d3d_disp.cpp:1188 real_choose_bitmap_format        [   0.49692] Fake format
d3d      D         d3d_disp.cpp:1188 real_choose_bitmap_format        [   0.49694] Fake format
d3d      D         d3d_disp.cpp:1188 real_choose_bitmap_format        [   0.49695] Fake format
d3d      D         d3d_disp.cpp:1188 real_choose_bitmap_format        [   0.49697] Fake format
d3d      D         d3d_disp.cpp:1188 real_choose_bitmap_format        [   0.49698] Fake format
d3d      D         d3d_disp.cpp:1188 real_choose_bitmap_format        [   0.49699] Fake format
d3d      D         d3d_disp.cpp:1196 real_choose_bitmap_format        [   0.49701] Alpha doesn't match
d3d      D         d3d_disp.cpp:1203 real_choose_bitmap_format        [   0.49702] Adapter format is 23
d3d      D         d3d_disp.cpp:1206 real_choose_bitmap_format        [   0.49706] Found a format
d3d      I         d3d_disp.cpp:2380 d3d_create_bitmap                [   0.49708] Chose bitmap format 9
dtor     D               dtor.c:187  _al_register_destructor          [   0.49990] added dtor for bitmap 0080A478, func 0F242202
stdio    D         file_stdio.c:105  file_stdio_fopen                 [   0.54703] opening star_sky.png rb
d3d      D         d3d_disp.cpp:1188 real_choose_bitmap_format        [   0.54721] Fake format
d3d      D         d3d_disp.cpp:1188 real_choose_bitmap_format        [   0.54723] Fake format
d3d      D         d3d_disp.cpp:1188 real_choose_bitmap_format        [   0.54725] Fake format
d3d      D         d3d_disp.cpp:1188 real_choose_bitmap_format        [   0.54726] Fake format
d3d      D         d3d_disp.cpp:1188 real_choose_bitmap_format        [   0.54728] Fake format
d3d      D         d3d_disp.cpp:1188 real_choose_bitmap_format        [   0.54729] Fake format
d3d      D         d3d_disp.cpp:1188 real_choose_bitmap_format        [   0.54730] Fake format
d3d      D         d3d_disp.cpp:1188 real_choose_bitmap_format        [   0.54732] Fake format
d3d      D         d3d_disp.cpp:1188 real_choose_bitmap_format        [   0.54733] Fake format
d3d      D         d3d_disp.cpp:1196 real_choose_bitmap_format        [   0.54735] Alpha doesn't match
d3d      D         d3d_disp.cpp:1203 real_choose_bitmap_format        [   0.54736] Adapter format is 23
d3d      D         d3d_disp.cpp:1206 real_choose_bitmap_format        [   0.54738] Found a format
d3d      I         d3d_disp.cpp:2380 d3d_create_bitmap                [   0.54739] Chose bitmap format 9
dtor     D               dtor.c:187  _al_register_destructor          [   0.54911] added dtor for bitmap 0082FD60, func 0F242202
stdio    D         file_stdio.c:105  file_stdio_fopen                 [   0.60189] opening B4.png rb
d3d      D         d3d_disp.cpp:1188 real_choose_bitmap_format        [   0.60212] Fake format
d3d      D         d3d_disp.cpp:1188 real_choose_bitmap_format        [   0.60214] Fake format
d3d      D         d3d_disp.cpp:1188 real_choose_bitmap_format        [   0.60215] Fake format
d3d      D         d3d_disp.cpp:1188 real_choose_bitmap_format        [   0.60217] Fake format
d3d      D         d3d_disp.cpp:1188 real_choose_bitmap_format        [   0.60218] Fake format
d3d      D         d3d_disp.cpp:1188 real_choose_bitmap_format        [   0.60220] Fake format
d3d      D         d3d_disp.cpp:1188 real_choose_bitmap_format        [   0.60221] Fake format
d3d      D         d3d_disp.cpp:1188 real_choose_bitmap_format        [   0.60222] Fake format
d3d      D         d3d_disp.cpp:1188 real_choose_bitmap_format        [   0.60223] Fake format
d3d      D         d3d_disp.cpp:1196 real_choose_bitmap_format        [   0.60225] Alpha doesn't match
d3d      D         d3d_disp.cpp:1203 real_choose_bitmap_format        [   0.60226] Adapter format is 23
d3d      D         d3d_disp.cpp:1206 real_choose_bitmap_format        [   0.60228] Found a format
d3d      I         d3d_disp.cpp:2380 d3d_create_bitmap                [   0.60229] Chose bitmap format 9
dtor     D               dtor.c:187  _al_register_destructor          [   0.60237] added dtor for bitmap 07A64140, func 0F242202
d3d      D          d3d_bmp.cpp:539  _al_d3d_sync_bitmap              [   0.60651] _al_d3d_sync_bitmap (system) ref count == 1
d3d      D          d3d_bmp.cpp:545  _al_d3d_sync_bitmap              [   0.60659] _al_d3d_sync_bitmap (video) ref count == 1
stdio    D         file_stdio.c:105  file_stdio_fopen                 [   0.61546] opening B3.png rb
d3d      D         d3d_disp.cpp:1188 real_choose_bitmap_format        [   0.61559] Fake format
d3d      D         d3d_disp.cpp:1188 real_choose_bitmap_format        [   0.61561] Fake format
d3d      D         d3d_disp.cpp:1188 real_choose_bitmap_format        [   0.61563] Fake format
d3d      D         d3d_disp.cpp:1188 real_choose_bitmap_format        [   0.61565] Fake format
d3d      D         d3d_disp.cpp:1188 real_choose_bitmap_format        [   0.61567] Fake format
d3d      D         d3d_disp.cpp:1188 real_choose_bitmap_format        [   0.61568] Fake format
d3d      D         d3d_disp.cpp:1188 real_choose_bitmap_format        [   0.61570] Fake format
d3d      D         d3d_disp.cpp:1188 real_choose_bitmap_format        [   0.61571] Fake format
d3d      D         d3d_disp.cpp:1188 real_choose_bitmap_format        [   0.61573] Fake format
d3d      D         d3d_disp.cpp:1196 real_choose_bitmap_format        [   0.61574] Alpha doesn't match
d3d      D         d3d_disp.cpp:1203 real_choose_bitmap_format        [   0.61576] Adapter format is 23
d3d      D         d3d_disp.cpp:1206 real_choose_bitmap_format        [   0.61578] Found a format
d3d      I         d3d_disp.cpp:2380 d3d_create_bitmap                [   0.61579] Chose bitmap format 9
dtor     D               dtor.c:187  _al_register_destructor          [   0.61589] added dtor for bitmap 07A642A8, func 0F242202
d3d      D          d3d_bmp.cpp:539  _al_d3d_sync_bitmap              [   0.61624] _al_d3d_sync_bitmap (system) ref count == 1
d3d      D          d3d_bmp.cpp:545  _al_d3d_sync_bitmap              [   0.61628] _al_d3d_sync_bitmap (video) ref count == 1
stdio    D         file_stdio.c:105  file_stdio_fopen                 [   0.61703] opening B2.png rb
d3d      D         d3d_disp.cpp:1188 real_choose_bitmap_format        [   0.61713] Fake format
d3d      D         d3d_disp.cpp:1188 real_choose_bitmap_format        [   0.61715] Fake format
d3d      D         d3d_disp.cpp:1188 real_choose_bitmap_format        [   0.61716] Fake format
d3d      D         d3d_disp.cpp:1188 real_choose_bitmap_format        [   0.61719] Fake format
d3d      D         d3d_disp.cpp:1188 real_choose_bitmap_format        [   0.61720] Fake format
d3d      D         d3d_disp.cpp:1188 real_choose_bitmap_format        [   0.61722] Fake format
d3d      D         d3d_disp.cpp:1188 real_choose_bitmap_format        [   0.61724] Fake format
d3d      D         d3d_disp.cpp:1188 real_choose_bitmap_format        [   0.61725] Fake format
d3d      D         d3d_disp.cpp:1188 real_choose_bitmap_format        [   0.61726] Fake format
d3d      D         d3d_disp.cpp:1196 real_choose_bitmap_format        [   0.61727] Alpha doesn't match
d3d      D         d3d_disp.cpp:1203 real_choose_bitmap_format        [   0.61729] Adapter format is 23
d3d      D         d3d_disp.cpp:1206 real_choose_bitmap_format        [   0.61730] Found a format
d3d      I         d3d_disp.cpp:2380 d3d_create_bitmap                [   0.61732] Chose bitmap format 9
dtor     D               dtor.c:187  _al_register_destructor          [   0.61765] added dtor for bitmap 07A64410, func 0F242202
d3d      D          d3d_bmp.cpp:539  _al_d3d_sync_bitmap              [   0.61796] _al_d3d_sync_bitmap (system) ref count == 1
d3d      D          d3d_bmp.cpp:545  _al_d3d_sync_bitmap              [   0.61800] _al_d3d_sync_bitmap (video) ref count == 1
stdio    D         file_stdio.c:105  file_stdio_fopen                 [   0.61866] opening B1.png rb
d3d      D         d3d_disp.cpp:1188 real_choose_bitmap_format        [   0.61875] Fake format
d3d      D         d3d_disp.cpp:1188 real_choose_bitmap_format        [   0.61877] Fake format
d3d      D         d3d_disp.cpp:1188 real_choose_bitmap_format        [   0.61879] Fake format
d3d      D         d3d_disp.cpp:1188 real_choose_bitmap_format        [   0.61880] Fake format
d3d      D         d3d_disp.cpp:1188 real_choose_bitmap_format        [   0.61881] Fake format
d3d      D         d3d_disp.cpp:1188 real_choose_bitmap_format        [   0.61882] Fake format
d3d      D         d3d_disp.cpp:1188 real_choose_bitmap_format        [   0.61884] Fake format
d3d      D         d3d_disp.cpp:1188 real_choose_bitmap_format        [   0.61887] Fake format
d3d      D         d3d_disp.cpp:1188 real_choose_bitmap_format        [   0.61888] Fake format
d3d      D         d3d_disp.cpp:1196 real_choose_bitmap_format        [   0.61891] Alpha doesn't match
d3d      D         d3d_disp.cpp:1203 real_choose_bitmap_format        [   0.61893] Adapter format is 23
d3d      D         d3d_disp.cpp:1206 real_choose_bitmap_format        [   0.61895] Found a format
d3d      I         d3d_disp.cpp:2380 d3d_create_bitmap                [   0.61897] Chose bitmap format 9
dtor     D               dtor.c:187  _al_register_destructor          [   0.61908] added dtor for bitmap 07A12F50, func 0F242202
d3d      D          d3d_bmp.cpp:539  _al_d3d_sync_bitmap              [   0.61943] _al_d3d_sync_bitmap (system) ref count == 1
d3d      D          d3d_bmp.cpp:545  _al_d3d_sync_bitmap              [   0.61947] _al_d3d_sync_bitmap (video) ref count == 1
stdio    D         file_stdio.c:105  file_stdio_fopen                 [   0.62005] opening B0.png rb
d3d      D         d3d_disp.cpp:1188 real_choose_bitmap_format        [   0.62014] Fake format
d3d      D         d3d_disp.cpp:1188 real_choose_bitmap_format        [   0.62016] Fake format
d3d      D         d3d_disp.cpp:1188 real_choose_bitmap_format        [   0.62018] Fake format
d3d      D         d3d_disp.cpp:1188 real_choose_bitmap_format        [   0.62020] Fake format
d3d      D         d3d_disp.cpp:1188 real_choose_bitmap_format        [   0.62021] Fake format
d3d      D         d3d_disp.cpp:1188 real_choose_bitmap_format        [   0.62022] Fake format
d3d      D         d3d_disp.cpp:1188 real_choose_bitmap_format        [   0.62023] Fake format
d3d      D         d3d_disp.cpp:1188 real_choose_bitmap_format        [   0.62025] Fake format
d3d      D         d3d_disp.cpp:1188 real_choose_bitmap_format        [   0.62026] Fake format
d3d      D         d3d_disp.cpp:1196 real_choose_bitmap_format        [   0.62027] Alpha doesn't match
d3d      D         d3d_disp.cpp:1203 real_choose_bitmap_format        [   0.62029] Adapter format is 23
d3d      D         d3d_disp.cpp:1206 real_choose_bitmap_format        [   0.62030] Found a format
d3d      I         d3d_disp.cpp:2380 d3d_create_bitmap                [   0.62032] Chose bitmap format 9
dtor     D               dtor.c:187  _al_register_destructor          [   0.62038] added dtor for bitmap 07A130B8, func 0F242202
d3d      D          d3d_bmp.cpp:539  _al_d3d_sync_bitmap              [   0.62065] _al_d3d_sync_bitmap (system) ref count == 1
d3d      D          d3d_bmp.cpp:545  _al_d3d_sync_bitmap              [   0.62068] _al_d3d_sync_bitmap (video) ref count == 1
stdio    D         file_stdio.c:105  file_stdio_fopen                 [   0.62127] opening 1.png rb
d3d      D         d3d_disp.cpp:1188 real_choose_bitmap_format        [   0.62135] Fake format
d3d      D         d3d_disp.cpp:1188 real_choose_bitmap_format        [   0.62137] Fake format
d3d      D         d3d_disp.cpp:1188 real_choose_bitmap_format        [   0.62138] Fake format
d3d      D         d3d_disp.cpp:1188 real_choose_bitmap_format        [   0.62140] Fake format
d3d      D         d3d_disp.cpp:1188 real_choose_bitmap_format        [   0.62141] Fake format
d3d      D         d3d_disp.cpp:1188 real_choose_bitmap_format        [   0.62142] Fake format
d3d      D         d3d_disp.cpp:1188 real_choose_bitmap_format        [   0.62143] Fake format
d3d      D         d3d_disp.cpp:1188 real_choose_bitmap_format        [   0.62145] Fake format
d3d      D         d3d_disp.cpp:1188 real_choose_bitmap_format        [   0.62146] Fake format
d3d      D         d3d_disp.cpp:1196 real_choose_bitmap_format        [   0.62147] Alpha doesn't match
d3d      D         d3d_disp.cpp:1203 real_choose_bitmap_format        [   0.62149] Adapter format is 23
d3d      D         d3d_disp.cpp:1206 real_choose_bitmap_format        [   0.62150] Found a format
d3d      I         d3d_disp.cpp:2380 d3d_create_bitmap                [   0.62151] Chose bitmap format 9
dtor     D               dtor.c:187  _al_register_destructor          [   0.62158] added dtor for bitmap 07A13220, func 0F242202
stdio    D         file_stdio.c:105  file_stdio_fopen                 [   0.62171] opening 2.png rb
d3d      D         d3d_disp.cpp:1188 real_choose_bitmap_format        [   0.62178] Fake format
d3d      D         d3d_disp.cpp:1188 real_choose_bitmap_format        [   0.62180] Fake format
d3d      D         d3d_disp.cpp:1188 real_choose_bitmap_format        [   0.62181] Fake format
d3d      D         d3d_disp.cpp:1188 real_choose_bitmap_format        [   0.62182] Fake format
d3d      D         d3d_disp.cpp:1188 real_choose_bitmap_format        [   0.62184] Fake format
d3d      D         d3d_disp.cpp:1188 real_choose_bitmap_format        [   0.62185] Fake format
d3d      D         d3d_disp.cpp:1188 real_choose_bitmap_format        [   0.62186] Fake format
d3d      D         d3d_disp.cpp:1188 real_choose_bitmap_format        [   0.62187] Fake format
d3d      D         d3d_disp.cpp:1188 real_choose_bitmap_format        [   0.62189] Fake format
d3d      D         d3d_disp.cpp:1196 real_choose_bitmap_format        [   0.62190] Alpha doesn't match
d3d      D         d3d_disp.cpp:1203 real_choose_bitmap_format        [   0.62191] Adapter format is 23
d3d      D         d3d_disp.cpp:1206 real_choose_bitmap_format        [   0.62193] Found a format
d3d      I         d3d_disp.cpp:2380 d3d_create_bitmap                [   0.62194] Chose bitmap format 9
dtor     D               dtor.c:187  _al_register_destructor          [   0.62199] added dtor for bitmap 07A13388, func 0F242202
stdio    D         file_stdio.c:105  file_stdio_fopen                 [   0.62211] opening 3.png rb
d3d      D         d3d_disp.cpp:1188 real_choose_bitmap_format        [   0.62218] Fake format
d3d      D         d3d_disp.cpp:1188 real_choose_bitmap_format        [   0.62220] Fake format
d3d      D         d3d_disp.cpp:1188 real_choose_bitmap_format        [   0.62221] Fake format
d3d      D         d3d_disp.cpp:1188 real_choose_bitmap_format        [   0.62222] Fake format
d3d      D         d3d_disp.cpp:1188 real_choose_bitmap_format        [   0.62224] Fake format
d3d      D         d3d_disp.cpp:1188 real_choose_bitmap_format        [   0.62225] Fake format
d3d      D         d3d_disp.cpp:1188 real_choose_bitmap_format        [   0.62226] Fake format
d3d      D         d3d_disp.cpp:1188 real_choose_bitmap_format        [   0.62227] Fake format
d3d      D         d3d_disp.cpp:1188 real_choose_bitmap_format        [   0.62229] Fake format
d3d      D         d3d_disp.cpp:1196 real_choose_bitmap_format        [   0.62230] Alpha doesn't match
d3d      D         d3d_disp.cpp:1203 real_choose_bitmap_format        [   0.62231] Adapter format is 23
d3d      D         d3d_disp.cpp:1206 real_choose_bitmap_format        [   0.62233] Found a format
d3d      I         d3d_disp.cpp:2380 d3d_create_bitmap                [   0.62234] Chose bitmap format 9
dtor     D               dtor.c:187  _al_register_destructor          [   0.62240] added dtor for bitmap 07A134F0, func 0F242202
stdio    D         file_stdio.c:105  file_stdio_fopen                 [   0.62250] opening 4.png rb
d3d      D         d3d_disp.cpp:1188 real_choose_bitmap_format        [   0.62257] Fake format
d3d      D         d3d_disp.cpp:1188 real_choose_bitmap_format        [   0.62259] Fake format
d3d      D         d3d_disp.cpp:1188 real_choose_bitmap_format        [   0.62260] Fake format
d3d      D         d3d_disp.cpp:1188 real_choose_bitmap_format        [   0.62261] Fake format
d3d      D         d3d_disp.cpp:1188 real_choose_bitmap_format        [   0.62263] Fake format
d3d      D         d3d_disp.cpp:1188 real_choose_bitmap_format        [   0.62264] Fake format
d3d      D         d3d_disp.cpp:1188 real_choose_bitmap_format        [   0.62266] Fake format
d3d      D         d3d_disp.cpp:1188 real_choose_bitmap_format        [   0.62267] Fake format
d3d      D         d3d_disp.cpp:1188 real_choose_bitmap_format        [   0.62269] Fake format
d3d      D         d3d_disp.cpp:1196 real_choose_bitmap_format        [   0.62270] Alpha doesn't match
d3d      D         d3d_disp.cpp:1203 real_choose_bitmap_format        [   0.62272] Adapter format is 23
d3d      D         d3d_disp.cpp:1206 real_choose_bitmap_format        [   0.62274] Found a format
d3d      I         d3d_disp.cpp:2380 d3d_create_bitmap                [   0.62276] Chose bitmap format 9
dtor     D               dtor.c:187  _al_register_destructor          [   0.62281] added dtor for bitmap 07A18A58, func 0F242202
stdio    D         file_stdio.c:105  file_stdio_fopen                 [   0.62291] opening 5.png rb
d3d      D         d3d_disp.cpp:1188 real_choose_bitmap_format        [   0.62298] Fake format
d3d      D         d3d_disp.cpp:1188 real_choose_bitmap_format        [   0.62299] Fake format
d3d      D         d3d_disp.cpp:1188 real_choose_bitmap_format        [   0.62301] Fake format
d3d      D         d3d_disp.cpp:1188 real_choose_bitmap_format        [   0.62302] Fake format
d3d      D         d3d_disp.cpp:1188 real_choose_bitmap_format        [   0.62303] Fake format
d3d      D         d3d_disp.cpp:1188 real_choose_bitmap_format        [   0.62304] Fake format
d3d      D         d3d_disp.cpp:1188 real_choose_bitmap_format        [   0.62306] Fake format
d3d      D         d3d_disp.cpp:1188 real_choose_bitmap_format        [   0.62307] Fake format
d3d      D         d3d_disp.cpp:1188 real_choose_bitmap_format        [   0.62308] Fake format
d3d      D         d3d_disp.cpp:1196 real_choose_bitmap_format        [   0.62310] Alpha doesn't match
d3d      D         d3d_disp.cpp:1203 real_choose_bitmap_format        [   0.62311] Adapter format is 23
d3d      D         d3d_disp.cpp:1206 real_choose_bitmap_format        [   0.62312] Found a format
d3d      I         d3d_disp.cpp:2380 d3d_create_bitmap                [   0.62314] Chose bitmap format 9
dtor     D               dtor.c:187  _al_register_destructor          [   0.62322] added dtor for bitmap 07A64818, func 0F242202
stdio    D         file_stdio.c:105  file_stdio_fopen                 [   0.62333] opening 6.png rb
d3d      D         d3d_disp.cpp:1188 real_choose_bitmap_format        [   0.62341] Fake format
d3d      D         d3d_disp.cpp:1188 real_choose_bitmap_format        [   0.62343] Fake format
d3d      D         d3d_disp.cpp:1188 real_choose_bitmap_format        [   0.62344] Fake format
d3d      D         d3d_disp.cpp:1188 real_choose_bitmap_format        [   0.62346] Fake format
d3d      D         d3d_disp.cpp:1188 real_choose_bitmap_format        [   0.62347] Fake format
d3d      D         d3d_disp.cpp:1188 real_choose_bitmap_format        [   0.62349] Fake format
d3d      D         d3d_disp.cpp:1188 real_choose_bitmap_format        [   0.62350] Fake format
d3d      D         d3d_disp.cpp:1188 real_choose_bitmap_format        [   0.62352] Fake format
d3d      D         d3d_disp.cpp:1188 real_choose_bitmap_format        [   0.62353] Fake format
d3d      D         d3d_disp.cpp:1196 real_choose_bitmap_format        [   0.62355] Alpha doesn't match
d3d      D         d3d_disp.cpp:1203 real_choose_bitmap_format        [   0.62356] Adapter format is 23
d3d      D         d3d_disp.cpp:1206 real_choose_bitmap_format        [   0.62358] Found a format
d3d      I         d3d_disp.cpp:2380 d3d_create_bitmap                [   0.62359] Chose bitmap format 9
dtor     D               dtor.c:187  _al_register_destructor          [   0.62365] added dtor for bitmap 07A64578, func 0F242202
stdio    D         file_stdio.c:105  file_stdio_fopen                 [   0.62375] opening blank.png rb
d3d      D         d3d_disp.cpp:1188 real_choose_bitmap_format        [   0.62382] Fake format
d3d      D         d3d_disp.cpp:1188 real_choose_bitmap_format        [   0.62384] Fake format
d3d      D         d3d_disp.cpp:1188 real_choose_bitmap_format        [   0.62386] Fake format
d3d      D         d3d_disp.cpp:1188 real_choose_bitmap_format        [   0.62387] Fake format
d3d      D         d3d_disp.cpp:1188 real_choose_bitmap_format        [   0.62389] Fake format
d3d      D         d3d_disp.cpp:1188 real_choose_bitmap_format        [   0.62390] Fake format
d3d      D         d3d_disp.cpp:1188 real_choose_bitmap_format        [   0.62392] Fake format
d3d      D         d3d_disp.cpp:1188 real_choose_bitmap_format        [   0.62394] Fake format
d3d      D         d3d_disp.cpp:1188 real_choose_bitmap_format        [   0.62396] Fake format
d3d      D         d3d_disp.cpp:1196 real_choose_bitmap_format        [   0.62397] Alpha doesn't match
d3d      D         d3d_disp.cpp:1203 real_choose_bitmap_format        [   0.62399] Adapter format is 23
d3d      D         d3d_disp.cpp:1206 real_choose_bitmap_format        [   0.62401] Found a format
d3d      I         d3d_disp.cpp:2380 d3d_create_bitmap                [   0.62402] Chose bitmap format 9
dtor     D               dtor.c:187  _al_register_destructor          [   0.62445] added dtor for bitmap 00829240, func 0F242202
stdio    D         file_stdio.c:105  file_stdio_fopen                 [   0.62628] opening starBG.png rb
d3d      D         d3d_disp.cpp:1188 real_choose_bitmap_format        [   0.62646] Fake format
d3d      D         d3d_disp.cpp:1188 real_choose_bitmap_format        [   0.62648] Fake format
d3d      D         d3d_disp.cpp:1188 real_choose_bitmap_format        [   0.62649] Fake format
d3d      D         d3d_disp.cpp:1188 real_choose_bitmap_format        [   0.62651] Fake format
d3d      D         d3d_disp.cpp:1188 real_choose_bitmap_format        [   0.62652] Fake format
d3d      D         d3d_disp.cpp:1188 real_choose_bitmap_format        [   0.62653] Fake format
d3d      D         d3d_disp.cpp:1188 real_choose_bitmap_format        [   0.62654] Fake format
d3d      D         d3d_disp.cpp:1188 real_choose_bitmap_format        [   0.62656] Fake format
d3d      D         d3d_disp.cpp:1188 real_choose_bitmap_format        [   0.62657] Fake format
d3d      D         d3d_disp.cpp:1196 real_choose_bitmap_format        [   0.62658] Alpha doesn't match
d3d      D         d3d_disp.cpp:1203 real_choose_bitmap_format        [   0.62660] Adapter format is 23
d3d      D         d3d_disp.cpp:1206 real_choose_bitmap_format        [   0.62661] Found a format
d3d      I         d3d_disp.cpp:2380 d3d_create_bitmap                [   0.62663] Chose bitmap format 9
dtor     D               dtor.c:187  _al_register_destructor          [   0.62745] added dtor for bitmap 07ACC1F8, func 0F242202
stdio    D         file_stdio.c:105  file_stdio_fopen                 [   0.63987] opening starMG.jpg rb
d3d      D         d3d_disp.cpp:1188 real_choose_bitmap_format        [   0.64005] Fake format
d3d      D         d3d_disp.cpp:1188 real_choose_bitmap_format        [   0.64007] Fake format
d3d      D         d3d_disp.cpp:1188 real_choose_bitmap_format        [   0.64009] Fake format
d3d      D         d3d_disp.cpp:1188 real_choose_bitmap_format        [   0.64010] Fake format
d3d      D         d3d_disp.cpp:1188 real_choose_bitmap_format        [   0.64012] Fake format
d3d      D         d3d_disp.cpp:1188 real_choose_bitmap_format        [   0.64013] Fake format
d3d      D         d3d_disp.cpp:1188 real_choose_bitmap_format        [   0.64015] Fake format
d3d      D         d3d_disp.cpp:1188 real_choose_bitmap_format        [   0.64016] Fake format
d3d      D         d3d_disp.cpp:1188 real_choose_bitmap_format        [   0.64019] Fake format
d3d      D         d3d_disp.cpp:1196 real_choose_bitmap_format        [   0.64021] Alpha doesn't match
d3d      D         d3d_disp.cpp:1203 real_choose_bitmap_format        [   0.64023] Adapter format is 23
d3d      D         d3d_disp.cpp:1206 real_choose_bitmap_format        [   0.64024] Found a format
d3d      I         d3d_disp.cpp:2380 d3d_create_bitmap                [   0.64027] Chose bitmap format 9
dtor     D               dtor.c:187  _al_register_destructor          [   0.64168] added dtor for bitmap 07ACC360, func 0F242202
stdio    D         file_stdio.c:105  file_stdio_fopen                 [   0.65946] opening starFG.png rb
d3d      D         d3d_disp.cpp:1188 real_choose_bitmap_format        [   0.65970] Fake format
d3d      D         d3d_disp.cpp:1188 real_choose_bitmap_format        [   0.65972] Fake format
d3d      D         d3d_disp.cpp:1188 real_choose_bitmap_format        [   0.65974] Fake format
d3d      D         d3d_disp.cpp:1188 real_choose_bitmap_format        [   0.65976] Fake format
d3d      D         d3d_disp.cpp:1188 real_choose_bitmap_format        [   0.65977] Fake format
d3d      D         d3d_disp.cpp:1188 real_choose_bitmap_format        [   0.65978] Fake format
d3d      D         d3d_disp.cpp:1188 real_choose_bitmap_format        [   0.65979] Fake format
d3d      D         d3d_disp.cpp:1188 real_choose_bitmap_format        [   0.65981] Fake format
d3d      D         d3d_disp.cpp:1188 real_choose_bitmap_format        [   0.65982] Fake format
d3d      D         d3d_disp.cpp:1196 real_choose_bitmap_format        [   0.65983] Alpha doesn't match
d3d      D         d3d_disp.cpp:1203 real_choose_bitmap_format        [   0.65985] Adapter format is 23
d3d      D         d3d_disp.cpp:1206 real_choose_bitmap_format        [   0.65986] Found a format
d3d      I         d3d_disp.cpp:2380 d3d_create_bitmap                [   0.65987] Chose bitmap format 9
dtor     D               dtor.c:187  _al_register_destructor          [   0.66057] added dtor for bitmap 07ACC4C8, func 0F242202
d3d      D          d3d_bmp.cpp:539  _al_d3d_sync_bitmap              [   0.69974] _al_d3d_sync_bitmap (system) ref count == 1
d3d      D          d3d_bmp.cpp:545  _al_d3d_sync_bitmap              [   0.69978] _al_d3d_sync_bitmap (video) ref count == 1
d3d      D          d3d_bmp.cpp:539  _al_d3d_sync_bitmap              [   0.70840] _al_d3d_sync_bitmap (system) ref count == 1
d3d      D          d3d_bmp.cpp:545  _al_d3d_sync_bitmap              [   0.70845] _al_d3d_sync_bitmap (video) ref count == 1
d3d      D          d3d_bmp.cpp:539  _al_d3d_sync_bitmap              [   0.70887] _al_d3d_sync_bitmap (system) ref count == 1
d3d      D          d3d_bmp.cpp:545  _al_d3d_sync_bitmap              [   0.70889] _al_d3d_sync_bitmap (video) ref count == 1
d3d      D          d3d_bmp.cpp:539  _al_d3d_sync_bitmap              [   0.70927] _al_d3d_sync_bitmap (system) ref count == 1
d3d      D          d3d_bmp.cpp:545  _al_d3d_sync_bitmap              [   0.70930] _al_d3d_sync_bitmap (video) ref count == 1
d3d      D          d3d_bmp.cpp:539  _al_d3d_sync_bitmap              [   0.70961] _al_d3d_sync_bitmap (system) ref count == 1
d3d      D          d3d_bmp.cpp:545  _al_d3d_sync_bitmap              [   0.70964] _al_d3d_sync_bitmap (video) ref count == 1
d3d      D          d3d_bmp.cpp:539  _al_d3d_sync_bitmap              [   0.70996] _al_d3d_sync_bitmap (system) ref count == 1
d3d      D          d3d_bmp.cpp:545  _al_d3d_sync_bitmap              [   0.70998] _al_d3d_sync_bitmap (video) ref count == 1
d3d      D          d3d_bmp.cpp:539  _al_d3d_sync_bitmap              [   0.71029] _al_d3d_sync_bitmap (system) ref count == 1
d3d      D          d3d_bmp.cpp:545  _al_d3d_sync_bitmap              [   0.71032] _al_d3d_sync_bitmap (video) ref count == 1
d3d      D          d3d_bmp.cpp:539  _al_d3d_sync_bitmap              [   0.71781] _al_d3d_sync_bitmap (system) ref count == 1
d3d      D          d3d_bmp.cpp:545  _al_d3d_sync_bitmap              [   0.71784] _al_d3d_sync_bitmap (video) ref count == 1
d3d      D          d3d_bmp.cpp:539  _al_d3d_sync_bitmap              [   0.71898] _al_d3d_sync_bitmap (system) ref count == 1
d3d      D          d3d_bmp.cpp:545  _al_d3d_sync_bitmap              [   0.71901] _al_d3d_sync_bitmap (video) ref count == 1
d3d      D          d3d_bmp.cpp:539  _al_d3d_sync_bitmap              [   0.71942] _al_d3d_sync_bitmap (system) ref count == 1
d3d      D          d3d_bmp.cpp:545  _al_d3d_sync_bitmap              [   0.71944] _al_d3d_sync_bitmap (video) ref count == 1
d3d      D          d3d_bmp.cpp:539  _al_d3d_sync_bitmap              [   0.71964] _al_d3d_sync_bitmap (system) ref count == 1
d3d      D          d3d_bmp.cpp:545  _al_d3d_sync_bitmap              [   0.71967] _al_d3d_sync_bitmap (video) ref count == 1
d3d      D         d3d_disp.cpp:1188 real_choose_bitmap_format        [   0.85824] Fake format
d3d      D         d3d_disp.cpp:1188 real_choose_bitmap_format        [   0.85829] Fake format
d3d      D         d3d_disp.cpp:1188 real_choose_bitmap_format        [   0.85830] Fake format
d3d      D         d3d_disp.cpp:1188 real_choose_bitmap_format        [   0.85832] Fake format
d3d      D         d3d_disp.cpp:1188 real_choose_bitmap_format        [   0.85833] Fake format
d3d      D         d3d_disp.cpp:1188 real_choose_bitmap_format        [   0.85834] Fake format
d3d      D         d3d_disp.cpp:1188 real_choose_bitmap_format        [   0.85836] Fake format
d3d      D         d3d_disp.cpp:1188 real_choose_bitmap_format        [   0.85837] Fake format
d3d      D         d3d_disp.cpp:1188 real_choose_bitmap_format        [   0.85839] Fake format
d3d      D         d3d_disp.cpp:1196 real_choose_bitmap_format        [   0.85840] Alpha doesn't match
d3d      D         d3d_disp.cpp:1203 real_choose_bitmap_format        [   0.85842] Adapter format is 23
d3d      D         d3d_disp.cpp:1206 real_choose_bitmap_format        [   0.85843] Found a format
d3d      I         d3d_disp.cpp:2380 d3d_create_bitmap                [   0.85845] Chose bitmap format 9
dtor     D               dtor.c:187  _al_register_destructor          [   0.85853] added dtor for bitmap 07ACC630, func 0F242202
d3d      D          d3d_bmp.cpp:539  _al_d3d_sync_bitmap              [   0.86143] _al_d3d_sync_bitmap (system) ref count == 1
d3d      D          d3d_bmp.cpp:545  _al_d3d_sync_bitmap              [   0.86149] _al_d3d_sync_bitmap (video) ref count == 2
dtor     D               dtor.c:220  _al_unregister_destructor        [   0.86301] removed dtor for bitmap 07ACC630
d3d      W         d3d_disp.cpp:2423 _al_d3d_destroy_bitmap           [   0.86306] d3d_destroy_bitmap: Release video texture failed.
d3d      D         d3d_disp.cpp:1188 real_choose_bitmap_format        [   0.86323] Fake format
d3d      D         d3d_disp.cpp:1188 real_choose_bitmap_format        [   0.86327] Fake format
d3d      D         d3d_disp.cpp:1188 real_choose_bitmap_format        [   0.86330] Fake format
d3d      D         d3d_disp.cpp:1188 real_choose_bitmap_format        [   0.86332] Fake format
d3d      D         d3d_disp.cpp:1188 real_choose_bitmap_format        [   0.86334] Fake format
d3d      D         d3d_disp.cpp:1188 real_choose_bitmap_format        [   0.86337] Fake format
d3d      D         d3d_disp.cpp:1188 real_choose_bitmap_format        [   0.86339] Fake format
d3d      D         d3d_disp.cpp:1188 real_choose_bitmap_format        [   0.86341] Fake format
d3d      D         d3d_disp.cpp:1188 real_choose_bitmap_format        [   0.86342] Fake format
d3d      D         d3d_disp.cpp:1196 real_choose_bitmap_format        [   0.86344] Alpha doesn't match
d3d      D         d3d_disp.cpp:1203 real_choose_bitmap_format        [   0.86346] Adapter format is 23
d3d      D         d3d_disp.cpp:1206 real_choose_bitmap_format        [   0.86347] Found a format
d3d      I         d3d_disp.cpp:2380 d3d_create_bitmap                [   0.86349] Chose bitmap format 9
dtor     D               dtor.c:187  _al_register_destructor          [   0.86360] added dtor for bitmap 07ACC630, func 0F242202
d3d      D          d3d_bmp.cpp:539  _al_d3d_sync_bitmap              [   0.86490] _al_d3d_sync_bitmap (system) ref count == 1
d3d      D          d3d_bmp.cpp:545  _al_d3d_sync_bitmap              [   0.86493] _al_d3d_sync_bitmap (video) ref count == 2
dtor     D               dtor.c:220  _al_unregister_destructor        [   0.86592] removed dtor for bitmap 07ACC630
d3d      W         d3d_disp.cpp:2423 _al_d3d_destroy_bitmap           [   0.86595] d3d_destroy_bitmap: Release video texture failed.
dtor     D               dtor.c:187  _al_register_destructor          [   0.86622] added dtor for timer 00809F70, func 0F241730
dtor     D               dtor.c:187  _al_register_destructor          [   0.86625] added dtor for queue 00805580, func 0F242351
stdio    D         file_stdio.c:105  file_stdio_fopen                 [   0.86677] opening Legacy.ttf rb
font     D                ttf.c:886  al_load_ttf_font_stretch_f       [   0.86707] Font Legacy.ttf loaded with pixel size 0 x 38.
font     D                ttf.c:888  al_load_ttf_font_stretch_f       [   0.86710]     ascent=29.0, descent=-9.0, height=38.0
dtor     D               dtor.c:187  _al_register_destructor          [   0.86712] added dtor for ttf_font 007C32B0, func 0F981055
stdio    D         file_stdio.c:105  file_stdio_fopen                 [   0.86714] opening STARWARS.TTF rb
font     D                ttf.c:886  al_load_ttf_font_stretch_f       [   0.86733] Font STARWARS.TTF loaded with pixel size 0 x 55.
font     D                ttf.c:888  al_load_ttf_font_stretch_f       [   0.86735]     ascent=37.0, descent=-11.0, height=46.0
dtor     D               dtor.c:187  _al_register_destructor          [   0.86738] added dtor for ttf_font 007C3270, func 0F981055
audio    D          kcm_mixer.c:121  _al_rechannel_matrix             [   0.86740] sample matrix:
audio    D          kcm_mixer.c:127  _al_rechannel_matrix             [   0.86742]  0.500000
audio    D          kcm_mixer.c:127  _al_rechannel_matrix             [   0.86745]  0.500000
d3d      D         d3d_disp.cpp:1188 real_choose_bitmap_format        [   0.89863] Fake format
d3d      D         d3d_disp.cpp:1188 real_choose_bitmap_format        [   0.89870] Fake format
d3d      D         d3d_disp.cpp:1188 real_choose_bitmap_format        [   0.89874] Fake format
d3d      D         d3d_disp.cpp:1188 real_choose_bitmap_format        [   0.89877] Fake format
d3d      D         d3d_disp.cpp:1188 real_choose_bitmap_format        [   0.89881] Fake format
d3d      D         d3d_disp.cpp:1188 real_choose_bitmap_format        [   0.89885] Fake format
d3d      D         d3d_disp.cpp:1188 real_choose_bitmap_format        [   0.89889] Fake format
d3d      D         d3d_disp.cpp:1188 real_choose_bitmap_format        [   0.89892] Fake format
d3d      D         d3d_disp.cpp:1188 real_choose_bitmap_format        [   0.89896] Fake format
d3d      D         d3d_disp.cpp:1196 real_choose_bitmap_format        [   0.89900] Alpha doesn't match
d3d      D         d3d_disp.cpp:1203 real_choose_bitmap_format        [   0.89904] Adapter format is 23
d3d      D         d3d_disp.cpp:1206 real_choose_bitmap_format        [   0.89908] Found a format
d3d      I         d3d_disp.cpp:2380 d3d_create_bitmap                [   0.89912] Chose bitmap format 9
font     D                ttf.c:235  alloc_glyph_region               [   0.90016] Glyph 33: 18x21 (20x24)
font     D                ttf.c:279  alloc_glyph_region               [   0.90025] Locking glyph region: 07ACC630 0 0 20 24
font     D                ttf.c:163  unlock_current_page              [   0.90114] Unlocking page: 07ACC630
font     D                ttf.c:235  alloc_glyph_region               [   0.90131] Glyph 45: 18x21 (20x24)
font     D                ttf.c:279  alloc_glyph_region               [   0.90136] Locking glyph region: 07ACC630 20 0 20 24
font     D                ttf.c:163  unlock_current_page              [   0.90145] Unlocking page: 07ACC630
font     D                ttf.c:235  alloc_glyph_region               [   0.90157] Glyph 51: 18x21 (20x24)
font     D                ttf.c:279  alloc_glyph_region               [   0.90162] Locking glyph region: 07ACC630 40 0 20 24
font     D                ttf.c:163  unlock_current_page              [   0.90170] Unlocking page: 07ACC630
font     D                ttf.c:235  alloc_glyph_region               [   0.90183] Glyph 52: 17x21 (20x24)
font     D                ttf.c:279  alloc_glyph_region               [   0.90189] Locking glyph region: 07ACC630 60 0 20 24
font     D                ttf.c:163  unlock_current_page              [   0.90198] Unlocking page: 07ACC630
font     D                ttf.c:437  cache_glyph                      [   0.90206] Glyph 108 has zero size.
font     D                ttf.c:235  alloc_glyph_region               [   0.90218] Glyph 48: 18x21 (20x24)
font     D                ttf.c:279  alloc_glyph_region               [   0.90224] Locking glyph region: 07ACC630 80 0 20 24
font     D                ttf.c:163  unlock_current_page              [   0.90232] Unlocking page: 07ACC630
font     D                ttf.c:235  alloc_glyph_region               [   0.90245] Glyph 50: 18x21 (20x24)
font     D                ttf.c:279  alloc_glyph_region               [   0.90250] Locking glyph region: 07ACC630 100 0 20 24
font     D                ttf.c:163  unlock_current_page              [   0.90259] Unlocking page: 07ACC630
font     D                ttf.c:235  alloc_glyph_region               [   0.90271] Glyph 37: 18x21 (20x24)
font     D                ttf.c:279  alloc_glyph_region               [   0.90277] Locking glyph region: 07ACC630 120 0 20 24
font     D                ttf.c:163  unlock_current_page              [   0.90286] Unlocking page: 07ACC630
font     D                ttf.c:235  alloc_glyph_region               [   0.90298] Glyph 46: 18x21 (20x24)
font     D                ttf.c:279  alloc_glyph_region               [   0.90303] Locking glyph region: 07ACC630 140 0 20 24
font     D                ttf.c:163  unlock_current_page              [   0.90312] Unlocking page: 07ACC630
d3d      D         d3d_disp.cpp:1188 real_choose_bitmap_format        [   0.90349] Fake format
d3d      D         d3d_disp.cpp:1188 real_choose_bitmap_format        [   0.90356] Fake format
d3d      D         d3d_disp.cpp:1188 real_choose_bitmap_format        [   0.90360] Fake format
d3d      D         d3d_disp.cpp:1188 real_choose_bitmap_format        [   0.90365] Fake format
d3d      D         d3d_disp.cpp:1188 real_choose_bitmap_format        [   0.90370] Fake format
d3d      D         d3d_disp.cpp:1188 real_choose_bitmap_format        [   0.90374] Fake format
d3d      D         d3d_disp.cpp:1188 real_choose_bitmap_format        [   0.90380] Fake format
d3d      D         d3d_disp.cpp:1188 real_choose_bitmap_format        [   0.90387] Fake format
d3d      D         d3d_disp.cpp:1188 real_choose_bitmap_format        [   0.90391] Fake format
d3d      D         d3d_disp.cpp:1196 real_choose_bitmap_format        [   0.90395] Alpha doesn't match
d3d      D         d3d_disp.cpp:1203 real_choose_bitmap_format        [   0.90399] Adapter format is 23
d3d      D         d3d_disp.cpp:1206 real_choose_bitmap_format        [   0.90404] Found a format
d3d      I         d3d_disp.cpp:2380 d3d_create_bitmap                [   0.90408] Chose bitmap format 9
font     D                ttf.c:235  alloc_glyph_region               [   0.90792] Glyph 37: 39x38 (40x40)
font     D                ttf.c:279  alloc_glyph_region               [   0.90801] Locking glyph region: 07ACC798 0 0 40 40
font     D                ttf.c:163  unlock_current_page              [   0.91206] Unlocking page: 07ACC798
font     D                ttf.c:235  alloc_glyph_region               [   0.91228] Glyph 34: 46x39 (48x40)
font     D                ttf.c:279  alloc_glyph_region               [   0.91234] Locking glyph region: 07ACC798 40 0 48 40
font     D                ttf.c:163  unlock_current_page              [   0.91249] Unlocking page: 07ACC798
font     D                ttf.c:235  alloc_glyph_region               [   0.91267] Glyph 51: 45x39 (48x40)
font     D                ttf.c:279  alloc_glyph_region               [   0.91272] Locking glyph region: 07ACC798 88 0 48 40
font     D                ttf.c:163  unlock_current_page              [   0.91287] Unlocking page: 07ACC798
font     D                ttf.c:235  alloc_glyph_region               [   0.91298] Glyph 53: 40x38 (40x40)
font     D                ttf.c:279  alloc_glyph_region               [   0.91304] Locking glyph region: 07ACC798 136 0 40 40
font     D                ttf.c:163  unlock_current_page              [   0.91317] Unlocking page: 07ACC798
font     D                ttf.c:235  alloc_glyph_region               [   0.91330] Glyph 41: 47x38 (48x40)
font     D                ttf.c:279  alloc_glyph_region               [   0.91336] Locking glyph region: 07ACC798 176 0 48 40
font     D                ttf.c:163  unlock_current_page              [   0.91350] Unlocking page: 07ACC798
font     D                ttf.c:437  cache_glyph                      [   0.91358] Glyph 1 has zero size.
font     D                ttf.c:235  alloc_glyph_region               [   0.91368] Glyph 42: 14x39 (16x40)
font     D                ttf.c:279  alloc_glyph_region               [   0.91374] Locking glyph region: 07ACC798 224 0 16 40
font     D                ttf.c:163  unlock_current_page              [   0.91383] Unlocking page: 07ACC798
font     D                ttf.c:235  alloc_glyph_region               [   0.91397] Glyph 47: 48x38 (48x40)
font     D                ttf.c:279  alloc_glyph_region               [   0.91402] Locking glyph region: 07ACC798 240 0 48 40
font     D                ttf.c:163  unlock_current_page              [   0.91416] Unlocking page: 07ACC798
font     D                ttf.c:235  alloc_glyph_region               [   0.91439] Glyph 55: 46x39 (48x40)
font     D                ttf.c:279  alloc_glyph_region               [   0.91446] Locking glyph region: 07ACC798 288 0 48 40
font     D                ttf.c:163  unlock_current_page              [   0.91462] Unlocking page: 07ACC798
font     D                ttf.c:235  alloc_glyph_region               [   0.91475] Glyph 38: 41x38 (44x40)
font     D                ttf.c:279  alloc_glyph_region               [   0.91481] Locking glyph region: 07ACC798 336 0 44 40
font     D                ttf.c:163  unlock_current_page              [   0.91494] Unlocking page: 07ACC798
font     D                ttf.c:235  alloc_glyph_region               [   0.91509] Glyph 52: 44x39 (44x40)
font     D                ttf.c:279  alloc_glyph_region               [   0.91515] Locking glyph region: 07ACC798 380 0 44 40
font     D                ttf.c:163  unlock_current_page              [   0.91530] Unlocking page: 07ACC798
font     D                ttf.c:235  alloc_glyph_region               [   0.91553] Glyph 35: 18x21 (20x24)
font     D                ttf.c:279  alloc_glyph_region               [   0.91559] Locking glyph region: 07ACC630 160 0 20 24
font     D                ttf.c:163  unlock_current_page              [   0.91567] Unlocking page: 07ACC630
font     D                ttf.c:235  alloc_glyph_region               [   0.91579] Glyph 47: 18x21 (20x24)
font     D                ttf.c:279  alloc_glyph_region               [   0.91584] Locking glyph region: 07ACC630 180 0 20 24
font     D                ttf.c:163  unlock_current_page              [   0.91607] Unlocking page: 07ACC630
d3d      D          d3d_bmp.cpp:539  _al_d3d_sync_bitmap              [   0.95302] _al_d3d_sync_bitmap (system) ref count == 1
d3d      D          d3d_bmp.cpp:545  _al_d3d_sync_bitmap              [   0.95318] _al_d3d_sync_bitmap (video) ref count == 2
d3d      D          d3d_bmp.cpp:539  _al_d3d_sync_bitmap              [   0.95547] _al_d3d_sync_bitmap (system) ref count == 1
d3d      D          d3d_bmp.cpp:545  _al_d3d_sync_bitmap              [   0.95557] _al_d3d_sync_bitmap (video) ref count == 2
d3d      D          d3d_bmp.cpp:539  _al_d3d_sync_bitmap              [   0.95614] _al_d3d_sync_bitmap (system) ref count == 1
d3d      D          d3d_bmp.cpp:545  _al_d3d_sync_bitmap              [   0.95621] _al_d3d_sync_bitmap (video) ref count == 2
d3d      D          d3d_bmp.cpp:539  _al_d3d_sync_bitmap              [   0.95676] _al_d3d_sync_bitmap (system) ref count == 1
d3d      D          d3d_bmp.cpp:545  _al_d3d_sync_bitmap              [   0.95684] _al_d3d_sync_bitmap (video) ref count == 1
d3d      D          d3d_bmp.cpp:539  _al_d3d_sync_bitmap              [   0.97085] _al_d3d_sync_bitmap (system) ref count == 1
d3d      D          d3d_bmp.cpp:545  _al_d3d_sync_bitmap              [   0.97095] _al_d3d_sync_bitmap (video) ref count == 1
d3d      D          d3d_bmp.cpp:539  _al_d3d_sync_bitmap              [   0.99316] _al_d3d_sync_bitmap (system) ref count == 1
d3d      D          d3d_bmp.cpp:545  _al_d3d_sync_bitmap              [   0.99330] _al_d3d_sync_bitmap (video) ref count == 2
d3d      D          d3d_bmp.cpp:539  _al_d3d_sync_bitmap              [   0.99454] _al_d3d_sync_bitmap (system) ref count == 1
d3d      D          d3d_bmp.cpp:545  _al_d3d_sync_bitmap              [   0.99465] _al_d3d_sync_bitmap (video) ref count == 2
d3d      D          d3d_bmp.cpp:539  _al_d3d_sync_bitmap              [   0.99509] _al_d3d_sync_bitmap (system) ref count == 1
d3d      D          d3d_bmp.cpp:545  _al_d3d_sync_bitmap              [   0.99517] _al_d3d_sync_bitmap (video) ref count == 2
d3d      D          d3d_bmp.cpp:539  _al_d3d_sync_bitmap              [   0.99578] _al_d3d_sync_bitmap (system) ref count == 1
d3d      D          d3d_bmp.cpp:545  _al_d3d_sync_bitmap              [   0.99587] _al_d3d_sync_bitmap (video) ref count == 2
d3d      D          d3d_bmp.cpp:539  _al_d3d_sync_bitmap              [   0.99633] _al_d3d_sync_bitmap (system) ref count == 1
d3d      D          d3d_bmp.cpp:545  _al_d3d_sync_bitmap              [   0.99644] _al_d3d_sync_bitmap (video) ref count == 2
d3d      D          d3d_bmp.cpp:539  _al_d3d_sync_bitmap              [   0.99689] _al_d3d_sync_bitmap (system) ref count == 1
d3d      D          d3d_bmp.cpp:545  _al_d3d_sync_bitmap              [   0.99698] _al_d3d_sync_bitmap (video) ref count == 2
d3d      D          d3d_bmp.cpp:539  _al_d3d_sync_bitmap              [   0.99740] _al_d3d_sync_bitmap (system) ref count == 1
d3d      D          d3d_bmp.cpp:545  _al_d3d_sync_bitmap              [   0.99748] _al_d3d_sync_bitmap (video) ref count == 2
d3d      D          d3d_bmp.cpp:539  _al_d3d_sync_bitmap              [   0.99788] _al_d3d_sync_bitmap (system) ref count == 1
d3d      D          d3d_bmp.cpp:545  _al_d3d_sync_bitmap              [   0.99797] _al_d3d_sync_bitmap (video) ref count == 2
d3d      D          d3d_bmp.cpp:539  _al_d3d_sync_bitmap              [   0.99845] _al_d3d_sync_bitmap (system) ref count == 1
d3d      D          d3d_bmp.cpp:545  _al_d3d_sync_bitmap              [   0.99853] _al_d3d_sync_bitmap (video) ref count == 2
d3d      D          d3d_bmp.cpp:539  _al_d3d_sync_bitmap              [   0.99901] _al_d3d_sync_bitmap (system) ref count == 1
d3d      D          d3d_bmp.cpp:545  _al_d3d_sync_bitmap              [   0.99911] _al_d3d_sync_bitmap (video) ref count == 2
d3d      D          d3d_bmp.cpp:539  _al_d3d_sync_bitmap              [   0.99953] _al_d3d_sync_bitmap (system) ref count == 1
d3d      D          d3d_bmp.cpp:545  _al_d3d_sync_bitmap              [   0.99963] _al_d3d_sync_bitmap (video) ref count == 2
d3d      D          d3d_bmp.cpp:539  _al_d3d_sync_bitmap              [   1.00002] _al_d3d_sync_bitmap (system) ref count == 1
d3d      D          d3d_bmp.cpp:545  _al_d3d_sync_bitmap              [   1.00011] _al_d3d_sync_bitmap (video) ref count == 2
d3d      D          d3d_bmp.cpp:539  _al_d3d_sync_bitmap              [   1.00089] _al_d3d_sync_bitmap (system) ref count == 1
d3d      D          d3d_bmp.cpp:545  _al_d3d_sync_bitmap              [   1.00099] _al_d3d_sync_bitmap (video) ref count == 1
d3d      D          d3d_bmp.cpp:539  _al_d3d_sync_bitmap              [   1.00511] _al_d3d_sync_bitmap (system) ref count == 1
d3d      D          d3d_bmp.cpp:545  _al_d3d_sync_bitmap              [   1.00524] _al_d3d_sync_bitmap (video) ref count == 2
d3d      D          d3d_bmp.cpp:539  _al_d3d_sync_bitmap              [   1.01291] _al_d3d_sync_bitmap (system) ref count == 1
d3d      D          d3d_bmp.cpp:545  _al_d3d_sync_bitmap              [   1.01299] _al_d3d_sync_bitmap (video) ref count == 1
d3d      D          d3d_bmp.cpp:539  _al_d3d_sync_bitmap              [   1.01608] _al_d3d_sync_bitmap (system) ref count == 1
d3d      D          d3d_bmp.cpp:545  _al_d3d_sync_bitmap              [   1.01615] _al_d3d_sync_bitmap (video) ref count == 1
d3d      D          d3d_bmp.cpp:539  _al_d3d_sync_bitmap              [   1.01862] _al_d3d_sync_bitmap (system) ref count == 1
d3d      D          d3d_bmp.cpp:545  _al_d3d_sync_bitmap              [   1.01877] _al_d3d_sync_bitmap (video) ref count == 1
font     D                ttf.c:235  alloc_glyph_region               [   1.60123] Glyph 66: 5x15 (8x16)
font     D                ttf.c:279  alloc_glyph_region               [   1.60135] Locking glyph region: 07ACC630 200 0 8 16
font     D                ttf.c:163  unlock_current_page              [   1.60146] Unlocking page: 07ACC630
font     D                ttf.c:235  alloc_glyph_region               [   1.60165] Glyph 94: 18x21 (20x24)
font     D                ttf.c:279  alloc_glyph_region               [   1.60173] Locking glyph region: 07ACC630 208 0 20 24
font     D                ttf.c:163  unlock_current_page              [   1.60217] Unlocking page: 07ACC630
d3d      D          d3d_bmp.cpp:539  _al_d3d_sync_bitmap              [   1.60272] _al_d3d_sync_bitmap (system) ref count == 1
d3d      D          d3d_bmp.cpp:545  _al_d3d_sync_bitmap              [   1.60282] _al_d3d_sync_bitmap (video) ref count == 1
audio    D          kcm_mixer.c:121  _al_rechannel_matrix             [   1.61694] sample matrix:
audio    D          kcm_mixer.c:127  _al_rechannel_matrix             [   1.61708]  0.500000
audio    D          kcm_mixer.c:127  _al_rechannel_matrix             [   1.61715]  0.500000
font     D                ttf.c:235  alloc_glyph_region               [   4.26777] Glyph 93: 19x21 (20x24)
font     D                ttf.c:279  alloc_glyph_region               [   4.26787] Locking glyph region: 07ACC630 228 0 20 24
font     D                ttf.c:163  unlock_current_page              [   4.26798] Unlocking page: 07ACC630
d3d      D          d3d_bmp.cpp:539  _al_d3d_sync_bitmap              [   4.26876] _al_d3d_sync_bitmap (system) ref count == 1
d3d      D          d3d_bmp.cpp:545  _al_d3d_sync_bitmap              [   4.26886] _al_d3d_sync_bitmap (video) ref count == 1
font     D                ttf.c:235  alloc_glyph_region               [   6.70112] Glyph 95: 18x21 (20x24)
font     D                ttf.c:279  alloc_glyph_region               [   6.70122] Locking glyph region: 07ACC630 248 0 20 24
font     D                ttf.c:163  unlock_current_page              [   6.70135] Unlocking page: 07ACC630
d3d      D          d3d_bmp.cpp:539  _al_d3d_sync_bitmap              [   6.70220] _al_d3d_sync_bitmap (system) ref count == 1
d3d      D          d3d_bmp.cpp:545  _al_d3d_sync_bitmap              [   6.70230] _al_d3d_sync_bitmap (video) ref count == 1
font     D                ttf.c:235  alloc_glyph_region               [   8.40112] Glyph 96: 18x21 (20x24)
font     D                ttf.c:279  alloc_glyph_region               [   8.40123] Locking glyph region: 07ACC630 268 0 20 24
font     D                ttf.c:163  unlock_current_page              [   8.40137] Unlocking page: 07ACC630
d3d      D          d3d_bmp.cpp:539  _al_d3d_sync_bitmap              [   8.40220] _al_d3d_sync_bitmap (system) ref count == 1
d3d      D          d3d_bmp.cpp:545  _al_d3d_sync_bitmap              [   8.40229] _al_d3d_sync_bitmap (video) ref count == 1
font     D                ttf.c:235  alloc_glyph_region               [   9.60111] Glyph 97: 18x21 (20x24)
font     D                ttf.c:279  alloc_glyph_region               [   9.60121] Locking glyph region: 07ACC630 288 0 20 24
font     D                ttf.c:163  unlock_current_page              [   9.60133] Unlocking page: 07ACC630
d3d      D          d3d_bmp.cpp:539  _al_d3d_sync_bitmap              [   9.60218] _al_d3d_sync_bitmap (system) ref count == 1
d3d      D          d3d_bmp.cpp:545  _al_d3d_sync_bitmap              [   9.60228] _al_d3d_sync_bitmap (video) ref count == 1
font     D                ttf.c:235  alloc_glyph_region               [  10.26817] Glyph 98: 18x21 (20x24)
font     D                ttf.c:279  alloc_glyph_region               [  10.26829] Locking glyph region: 07ACC630 308 0 20 24
font     D                ttf.c:163  unlock_current_page              [  10.26844] Unlocking page: 07ACC630
d3d      D          d3d_bmp.cpp:539  _al_d3d_sync_bitmap              [  10.26935] _al_d3d_sync_bitmap (system) ref count == 1
d3d      D          d3d_bmp.cpp:545  _al_d3d_sync_bitmap              [  10.26952] _al_d3d_sync_bitmap (video) ref count == 1
font     D                ttf.c:235  alloc_glyph_region               [  13.26811] Glyph 100: 18x21 (20x24)
font     D                ttf.c:279  alloc_glyph_region               [  13.26823] Locking glyph region: 07ACC630 328 0 20 24
font     D                ttf.c:163  unlock_current_page              [  13.26835] Unlocking page: 07ACC630
d3d      D          d3d_bmp.cpp:539  _al_d3d_sync_bitmap              [  13.26935] _al_d3d_sync_bitmap (system) ref count == 1
d3d      D          d3d_bmp.cpp:545  _al_d3d_sync_bitmap              [  13.26947] _al_d3d_sync_bitmap (video) ref count == 1
font     D                ttf.c:235  alloc_glyph_region               [  13.93438] Glyph 101: 18x21 (20x24)
font     D                ttf.c:279  alloc_glyph_region               [  13.93449] Locking glyph region: 07ACC630 348 0 20 24
font     D                ttf.c:163  unlock_current_page              [  13.93462] Unlocking page: 07ACC630
d3d      D          d3d_bmp.cpp:539  _al_d3d_sync_bitmap              [  13.93546] _al_d3d_sync_bitmap (system) ref count == 1
d3d      D          d3d_bmp.cpp:545  _al_d3d_sync_bitmap              [  13.93555] _al_d3d_sync_bitmap (video) ref count == 1
